Hola
G1Grinch:[0mEntonces yo te propongo a vos
Jason:[0msasad
[1;30mizard:[0mHola
[1;30mizard:[0mcaminon
[1;30mizard:[0mxd
[1;30mJuan:[0mHola
[1;30mJuan:[0mhola
[0;30mjuan:[0mjaun
[0;30mjuan:[0mjuan
[1;35mSasas:[0msasa
[1;35mSasas:[0masa
[1;35mSasas:[0msasa
[1;35mPink:[0mPink
[1;35mPink:[0manother pink
[1;35mpink:[0mpink
[1;35mpink:[0mcolor
[1;35mpink:[0mpanter
[1;35mpink:[0mxD
[1;35mMono:[0mMono
[1;35mverde:[0mverde
[1;35mverde:[0mazul
Negro:[0mMensaje
BBlackNegro:[0mNegro
BBlackNegro:[0mmensaje negro
[1;30mnegro:[0mnegro
[1;30mnegro:[0mnegro
[1;30mNegro:[0mmensaje nigger
[0;30mNegro:[0mmensaje de negro
[0;30mNegro:[0motro mensaje de negro
RedRojo:[0mSin funcionar_
RedRojo:[0m?*
[0;31mRojo:[0mRojo
[0;31mRojo:[0mmensaje en rojo
[0;31mjuampa:[0m Hola
[0;31mjuampa:[0m hola
[35mmessage[37m
[35mmessage[37m
[35mmessage[37m
[35mmessage[37m
[35mmessage[37m
[32mHola[37m
[31m:[37mHola
[31m:[37mHola
[35mjuampa:[37mhola
[34mJuampa:[37mHola
[30mjuampa:[37mprueba
[31muser:[37muser
